#
# There is insufficient memory for the Java Runtime Environment to continue.
# Native memory allocation (malloc) failed to allocate 32744 bytes for ChunkPool::allocate
# Possible reasons:
#   The system is out of physical RAM or swap space
#   In 32 bit mode, the process size limit was hit
# Possible solutions:
#   Reduce memory load on the system
#   Increase physical memory or swap space
#   Check if swap backing store is full
#   Use 64 bit Java on a 64 bit OS
#   Decrease Java heap size (-Xmx/-Xms)
#   Decrease number of Java threads
#   Decrease Java thread stack sizes (-Xss)
#   Set larger code cache with -XX:ReservedCodeCacheSize=
# This output file may be truncated or incomplete.
#
#  Out of Memory Error (allocation.cpp:273), pid=14284, tid=0x0000000000002880
#
# JRE version: Java(TM) SE Runtime Environment (8.0_121-b13) (build 1.8.0_121-b13)
# Java VM: Java HotSpot(TM) 64-Bit Server VM (25.121-b13 mixed mode windows-amd64 compressed oops)
# Failed to write core dump. Minidumps are not enabled by default on client versions of Windows
#

---------------  T H R E A D  ---------------

Current thread (0x0000000056350000):  JavaThread "C1 CompilerThread2" daemon [_thread_in_native, id=10368, stack(0x0000000056b60000,0x0000000056c60000)]

Stack: [0x0000000056b60000,0x0000000056c60000]
[error occurred during error reporting (printing stack bounds), id 0xc0000005]

Native frames: (J=compiled Java code, j=interpreted, Vv=VM code, C=native code)


Current CompileTask:
C1: 227134 3192       1       org.springframework.asm.ClassReader::readMethod (1046 bytes)


---------------  P R O C E S S  ---------------

Java Threads: ( => current thread )
  0x000000005935f000 JavaThread "DiscoveryClient-1" daemon [_thread_blocked, id=8176, stack(0x000000005c0c0000,0x000000005c1c0000)]
  0x000000005935e000 JavaThread "DiscoveryClient-CacheRefreshExecutor-0" daemon [_thread_blocked, id=1452, stack(0x00000000570b0000,0x00000000571b0000)]
  0x000000005935d800 JavaThread "DiscoveryClient-0" daemon [_thread_blocked, id=2760, stack(0x00000000581d0000,0x00000000582d0000)]
  0x0000000057761800 JavaThread "AsyncResolver-bootstrap-0" daemon [_thread_blocked, id=5164, stack(0x000000005b870000,0x000000005b970000)]
  0x0000000056498000 JavaThread "Eureka-JerseyClient-Conn-Cleaner2" daemon [_thread_blocked, id=13200, stack(0x00000000589b0000,0x0000000058ab0000)]
  0x00000000591e0000 JavaThread "spring.cloud.inetutils" daemon [_thread_blocked, id=8684, stack(0x000000005b0e0000,0x000000005b1e0000)]
  0x0000000057894800 JavaThread "RMI TCP Connection(3)-127.0.0.1" daemon [_thread_in_native, id=10040, stack(0x0000000058650000,0x0000000058750000)]
  0x000000005787f000 JavaThread "JMX server connection timeout 17" daemon [_thread_blocked, id=10344, stack(0x0000000057e40000,0x0000000057f40000)]
  0x0000000057879800 JavaThread "RMI Scheduler(0)" daemon [_thread_blocked, id=1236, stack(0x00000000580b0000,0x00000000581b0000)]
  0x0000000057869800 JavaThread "RMI TCP Accept-0" daemon [_thread_in_native, id=1120, stack(0x0000000057b90000,0x0000000057c90000)]
  0x0000000057861000 JavaThread "RMI TCP Accept-57032" daemon [_thread_in_native, id=11136, stack(0x0000000057cc0000,0x0000000057dc0000)]
  0x0000000057810800 JavaThread "RMI TCP Accept-0" daemon [_thread_in_native, id=13284, stack(0x0000000057a90000,0x0000000057b90000)]
  0x00000000563b7000 JavaThread "Service Thread" daemon [_thread_blocked, id=6968, stack(0x0000000056da0000,0x0000000056ea0000)]
=>0x0000000056350000 JavaThread "C1 CompilerThread2" daemon [_thread_in_native, id=10368, stack(0x0000000056b60000,0x0000000056c60000)]
  0x000000005634f000 JavaThread "C2 CompilerThread1" daemon [_thread_blocked, id=1972, stack(0x0000000056ca0000,0x0000000056da0000)]
  0x000000005634c800 JavaThread "C2 CompilerThread0" daemon [_thread_blocked, id=8256, stack(0x0000000056a30000,0x0000000056b30000)]
  0x000000005634b000 JavaThread "Attach Listener" daemon [_thread_blocked, id=12844, stack(0x0000000056840000,0x0000000056940000)]
  0x0000000056347000 JavaThread "Signal Dispatcher" daemon [_thread_blocked, id=13496, stack(0x0000000055dc0000,0x0000000055ec0000)]
  0x0000000054ce1800 JavaThread "Finalizer" daemon [_thread_blocked, id=7988, stack(0x0000000056230000,0x0000000056330000)]
  0x0000000054c9a800 JavaThread "Reference Handler" daemon [_thread_blocked, id=11972, stack(0x0000000056060000,0x0000000056160000)]
  0x000000000225f000 JavaThread "main" [_thread_in_native, id=9284, stack(0x00000000023d0000,0x00000000024d0000)]

Other Threads:
  0x0000000054c92800 VMThread [stack: 0x0000000055ed0000,0x0000000055fd0000] [id=5624]
  0x000000005787c000 WatcherThread [stack: 0x00000000583d0000,0x00000000584d0000] [id=13396]

VM state:not at safepoint (normal execution)

VM Mutex/Monitor currently owned by a thread: None

Heap:
 PSYoungGen      total 127488K, used 9406K [0x00000000eb400000, 0x00000000f3a80000, 0x0000000100000000)
  eden space 117760K, 7% used [0x00000000eb400000,0x00000000ebd2fab8,0x00000000f2700000)
  from space 9728K, 0% used [0x00000000f2780000,0x00000000f2780000,0x00000000f3100000)
  to   space 8704K, 0% used [0x00000000f3200000,0x00000000f3200000,0x00000000f3a80000)
 ParOldGen       total 38912K, used 14454K [0x00000000c1c00000, 0x00000000c4200000, 0x00000000eb400000)
  object space 38912K, 37% used [0x00000000c1c00000,0x00000000c2a1db10,0x00000000c4200000)
 Metaspace       used 34328K, capacity 35572K, committed 35712K, reserved 1079296K
  class space    used 4687K, capacity 4964K, committed 4992K, reserved 1048576K

Card table byte_map: [0x0000000011890000,0x0000000011a90000] byte_map_base: 0x0000000011282000

Marking Bits: (ParMarkBitMap*) 0x000000005a43b6d0
 Begin Bits: [0x00000000121e0000, 0x0000000013170000)
 End Bits:   [0x0000000013170000, 0x0000000014100000)

Polling page: 0x0000000000220000

CodeCache: size=245760Kb used=6063Kb max_used=6063Kb free=239696Kb
 bounds [0x00000000024d0000, 0x0000000002ac0000, 0x00000000114d0000]
 total_blobs=3664 nmethods=3179 adapters=397
 compilation: enabled

Compilation events (10 events):
Event: 218.435 Thread 0x0000000056350000 nmethod 3187 0x0000000002abad50 code [0x0000000002abaea0, 0x0000000002abb030]
Event: 218.435 Thread 0x0000000056350000 3188       1       org.springframework.core.type.classreading.SimpleAnnotationMetadataReadingVisitor$$Lambda$189/284686302::accept (14 bytes)
Event: 218.435 Thread 0x0000000056350000 nmethod 3188 0x0000000002abb0d0 code [0x0000000002abb240, 0x0000000002abb3c8]
Event: 218.435 Thread 0x0000000056350000 3189       1       org.springframework.core.type.classreading.SimpleMetadataReader::getClassMetadata (5 bytes)
Event: 218.435 Thread 0x0000000056350000 nmethod 3189 0x0000000002abb450 code [0x0000000002abb5a0, 0x0000000002abb6b0]
Event: 218.439 Thread 0x0000000056350000 3190       1       org.springframework.core.annotation.TypeMappedAnnotation::asMap (126 bytes)
Event: 218.440 Thread 0x0000000056350000 nmethod 3190 0x0000000002abb710 code [0x0000000002abb8e0, 0x0000000002abbd48]
Event: 218.440 Thread 0x0000000056350000 3191       1       org.springframework.util.LinkedMultiValueMap::isEmpty (10 bytes)
Event: 218.440 Thread 0x0000000056350000 nmethod 3191 0x0000000002abc110 code [0x0000000002abc260, 0x0000000002abc3a8]
Event: 218.441 Thread 0x0000000056350000 3192       1       org.springframework.asm.ClassReader::readMethod (1046 bytes)

GC Heap History (10 events):
Event: 6.483 GC heap before
{Heap before GC invocations=7 (full 1):
 PSYoungGen      total 70144K, used 5605K [0x00000000eb400000, 0x00000000f0100000, 0x0000000100000000)
  eden space 64512K, 0% used [0x00000000eb400000,0x00000000eb400000,0x00000000ef300000)
  from space 5632K, 99% used [0x00000000ef980000,0x00000000efef95e0,0x00000000eff00000)
  to   space 6656K, 0% used [0x00000000ef300000,0x00000000ef300000,0x00000000ef980000)
 ParOldGen       total 44032K, used 10174K [0x00000000c1c00000, 0x00000000c4700000, 0x00000000eb400000)
  object space 44032K, 23% used [0x00000000c1c00000,0x00000000c25ef8a0,0x00000000c4700000)
 Metaspace       used 20632K, capacity 21284K, committed 21296K, reserved 1067008K
  class space    used 2757K, capacity 2934K, committed 2944K, reserved 1048576K
Event: 6.519 GC heap after
Heap after GC invocations=7 (full 1):
 PSYoungGen      total 70144K, used 0K [0x00000000eb400000, 0x00000000f0100000, 0x0000000100000000)
  eden space 64512K, 0% used [0x00000000eb400000,0x00000000eb400000,0x00000000ef300000)
  from space 5632K, 0% used [0x00000000ef980000,0x00000000ef980000,0x00000000eff00000)
  to   space 6656K, 0% used [0x00000000ef300000,0x00000000ef300000,0x00000000ef980000)
 ParOldGen       total 30208K, used 8529K [0x00000000c1c00000, 0x00000000c3980000, 0x00000000eb400000)
  object space 30208K, 28% used [0x00000000c1c00000,0x00000000c2454520,0x00000000c3980000)
 Metaspace       used 20632K, capacity 21284K, committed 21296K, reserved 1067008K
  class space    used 2757K, capacity 2934K, committed 2944K, reserved 1048576K
}
Event: 18.928 GC heap before
{Heap before GC invocations=8 (full 1):
 PSYoungGen      total 70144K, used 64512K [0x00000000eb400000, 0x00000000f0100000, 0x0000000100000000)
  eden space 64512K, 100% used [0x00000000eb400000,0x00000000ef300000,0x00000000ef300000)
  from space 5632K, 0% used [0x00000000ef980000,0x00000000ef980000,0x00000000eff00000)
  to   space 6656K, 0% used [0x00000000ef300000,0x00000000ef300000,0x00000000ef980000)
 ParOldGen       total 30208K, used 8529K [0x00000000c1c00000, 0x00000000c3980000, 0x00000000eb400000)
  object space 30208K, 28% used [0x00000000c1c00000,0x00000000c2454520,0x00000000c3980000)
 Metaspace       used 26735K, capacity 27712K, committed 27904K, reserved 1073152K
  class space    used 3602K, capacity 3834K, committed 3840K, reserved 1048576K
Event: 18.965 GC heap after
Heap after GC invocations=8 (full 1):
 PSYoungGen      total 71168K, used 6649K [0x00000000eb400000, 0x00000000f3a80000, 0x0000000100000000)
  eden space 64512K, 0% used [0x00000000eb400000,0x00000000eb400000,0x00000000ef300000)
  from space 6656K, 99% used [0x00000000ef300000,0x00000000ef97e780,0x00000000ef980000)
  to   space 8704K, 0% used [0x00000000f3200000,0x00000000f3200000,0x00000000f3a80000)
 ParOldGen       total 30208K, used 10395K [0x00000000c1c00000, 0x00000000c3980000, 0x00000000eb400000)
  object space 30208K, 34% used [0x00000000c1c00000,0x00000000c2626fe8,0x00000000c3980000)
 Metaspace       used 26735K, capacity 27712K, committed 27904K, reserved 1073152K
  class space    used 3602K, capacity 3834K, committed 3840K, reserved 1048576K
}
Event: 28.136 GC heap before
{Heap before GC invocations=9 (full 1):
 PSYoungGen      total 71168K, used 71161K [0x00000000eb400000, 0x00000000f3a80000, 0x0000000100000000)
  eden space 64512K, 100% used [0x00000000eb400000,0x00000000ef300000,0x00000000ef300000)
  from space 6656K, 99% used [0x00000000ef300000,0x00000000ef97e780,0x00000000ef980000)
  to   space 8704K, 0% used [0x00000000f3200000,0x00000000f3200000,0x00000000f3a80000)
 ParOldGen       total 30208K, used 10395K [0x00000000c1c00000, 0x00000000c3980000, 0x00000000eb400000)
  object space 30208K, 34% used [0x00000000c1c00000,0x00000000c2626fe8,0x00000000c3980000)
 Metaspace       used 31094K, capacity 32202K, committed 32512K, reserved 1077248K
  class space    used 4236K, capacity 4493K, committed 4608K, reserved 1048576K
Event: 28.155 GC heap after
Heap after GC invocations=9 (full 1):
 PSYoungGen      total 126464K, used 8675K [0x00000000eb400000, 0x00000000f3a80000, 0x0000000100000000)
  eden space 117760K, 0% used [0x00000000eb400000,0x00000000eb400000,0x00000000f2700000)
  from space 8704K, 99% used [0x00000000f3200000,0x00000000f3a78f08,0x00000000f3a80000)
  to   space 9728K, 0% used [0x00000000f2780000,0x00000000f2780000,0x00000000f3100000)
 ParOldGen       total 30208K, used 11144K [0x00000000c1c00000, 0x00000000c3980000, 0x00000000eb400000)
  object space 30208K, 36% used [0x00000000c1c00000,0x00000000c26e2208,0x00000000c3980000)
 Metaspace       used 31094K, capacity 32202K, committed 32512K, reserved 1077248K
  class space    used 4236K, capacity 4493K, committed 4608K, reserved 1048576K
}
Event: 218.252 GC heap before
{Heap before GC invocations=10 (full 1):
 PSYoungGen      total 126464K, used 58830K [0x00000000eb400000, 0x00000000f3a80000, 0x0000000100000000)
  eden space 117760K, 42% used [0x00000000eb400000,0x00000000ee4fabb0,0x00000000f2700000)
  from space 8704K, 99% used [0x00000000f3200000,0x00000000f3a78f08,0x00000000f3a80000)
  to   space 9728K, 0% used [0x00000000f2780000,0x00000000f2780000,0x00000000f3100000)
 ParOldGen       total 30208K, used 11144K [0x00000000c1c00000, 0x00000000c3980000, 0x00000000eb400000)
  object space 30208K, 36% used [0x00000000c1c00000,0x00000000c26e2208,0x00000000c3980000)
 Metaspace       used 34192K, capacity 35394K, committed 35496K, reserved 1079296K
  class space    used 4667K, capacity 4929K, committed 4992K, reserved 1048576K
Event: 218.325 GC heap after
Heap after GC invocations=10 (full 1):
 PSYoungGen      total 127488K, used 9719K [0x00000000eb400000, 0x00000000f3a80000, 0x0000000100000000)
  eden space 117760K, 0% used [0x00000000eb400000,0x00000000eb400000,0x00000000f2700000)
  from space 9728K, 99% used [0x00000000f2780000,0x00000000f30fdd48,0x00000000f3100000)
  to   space 8704K, 0% used [0x00000000f3200000,0x00000000f3200000,0x00000000f3a80000)
 ParOldGen       total 30208K, used 11206K [0x00000000c1c00000, 0x00000000c3980000, 0x00000000eb400000)
  object space 30208K, 37% used [0x00000000c1c00000,0x00000000c26f1a90,0x00000000c3980000)
 Metaspace       used 34192K, capacity 35394K, committed 35496K, reserved 1079296K
  class space    used 4667K, capacity 4929K, committed 4992K, reserved 1048576K
}
Event: 218.326 GC heap before
{Heap before GC invocations=11 (full 2):
 PSYoungGen      total 127488K, used 9719K [0x00000000eb400000, 0x00000000f3a80000, 0x0000000100000000)
  eden space 117760K, 0% used [0x00000000eb400000,0x00000000eb400000,0x00000000f2700000)
  from space 9728K, 99% used [0x00000000f2780000,0x00000000f30fdd48,0x00000000f3100000)
  to   space 8704K, 0% used [0x00000000f3200000,0x00000000f3200000,0x00000000f3a80000)
 ParOldGen       total 30208K, used 11206K [0x00000000c1c00000, 0x00000000c3980000, 0x00000000eb400000)
  object space 30208K, 37% used [0x00000000c1c00000,0x00000000c26f1a90,0x00000000c3980000)
 Metaspace       used 34192K, capacity 35394K, committed 35496K, reserved 1079296K
  class space    used 4667K, capacity 4929K, committed 4992K, reserved 1048576K
Event: 218.397 GC heap after
Heap after GC invocations=11 (full 2):
 PSYoungGen      total 127488K, used 0K [0x00000000eb400000, 0x00000000f3a80000, 0x0000000100000000)
  eden space 117760K, 0% used [0x00000000eb400000,0x00000000eb400000,0x00000000f2700000)
  from space 9728K, 0% used [0x00000000f2780000,0x00000000f2780000,0x00000000f3100000)
  to   space 8704K, 0% used [0x00000000f3200000,0x00000000f3200000,0x00000000f3a80000)
 ParOldGen       total 38912K, used 14454K [0x00000000c1c00000, 0x00000000c4200000, 0x00000000eb400000)
  object space 38912K, 37% used [0x00000000c1c00000,0x00000000c2a1db10,0x00000000c4200000)
 Metaspace       used 34192K, capacity 35394K, committed 35496K, reserved 1079296K
  class space    used 4667K, capacity 4929K, committed 4992K, reserved 1048576K
}

Deoptimization events (0 events):
No events

Internal exceptions (10 events):
Event: 217.314 Thread 0x000000000225f000 Exception <a 'java/lang/ClassNotFoundException': org/springframework/beans/factory/config/BeanFactoryPostProcessorCustomizer> (0x00000000ed323980) thrown at [C:\re\workspace\8-2-build-windows-amd64-cygwin\jdk8u121\8372\hotspot\src\share\vm\classfile\syste
Event: 217.315 Thread 0x000000000225f000 Exception <a 'java/lang/ClassNotFoundException': org/springframework/core/PriorityOrderedCustomizer> (0x00000000ed3458f8) thrown at [C:\re\workspace\8-2-build-windows-amd64-cygwin\jdk8u121\8372\hotspot\src\share\vm\classfile\systemDictionary.cpp, line 210
Event: 217.315 Thread 0x000000000225f000 Exception <a 'java/lang/ClassNotFoundException': org/springframework/core/OrderedCustomizer> (0x00000000ed362fe0) thrown at [C:\re\workspace\8-2-build-windows-amd64-cygwin\jdk8u121\8372\hotspot\src\share\vm\classfile\systemDictionary.cpp, line 210]
Event: 217.315 Thread 0x000000000225f000 Exception <a 'java/lang/ClassNotFoundException': org/springframework/context/ResourceLoaderAwareCustomizer> (0x00000000ed388830) thrown at [C:\re\workspace\8-2-build-windows-amd64-cygwin\jdk8u121\8372\hotspot\src\share\vm\classfile\systemDictionary.cpp, l
Event: 217.316 Thread 0x000000000225f000 Exception <a 'java/lang/ClassNotFoundException': org/springframework/beans/factory/AwareCustomizer> (0x00000000ed3aaa08) thrown at [C:\re\workspace\8-2-build-windows-amd64-cygwin\jdk8u121\8372\hotspot\src\share\vm\classfile\systemDictionary.cpp, line 210]
Event: 217.316 Thread 0x000000000225f000 Exception <a 'java/lang/ClassNotFoundException': org/springframework/beans/factory/BeanClassLoaderAwareCustomizer> (0x00000000ed3d2f38) thrown at [C:\re\workspace\8-2-build-windows-amd64-cygwin\jdk8u121\8372\hotspot\src\share\vm\classfile\systemDictionary
Event: 217.317 Thread 0x000000000225f000 Exception <a 'java/lang/ClassNotFoundException': org/springframework/beans/factory/AwareCustomizer> (0x00000000ed3f51e0) thrown at [C:\re\workspace\8-2-build-windows-amd64-cygwin\jdk8u121\8372\hotspot\src\share\vm\classfile\systemDictionary.cpp, line 210]
Event: 217.317 Thread 0x000000000225f000 Exception <a 'java/lang/ClassNotFoundException': org/springframework/context/EnvironmentAwareCustomizer> (0x00000000ed4188e8) thrown at [C:\re\workspace\8-2-build-windows-amd64-cygwin\jdk8u121\8372\hotspot\src\share\vm\classfile\systemDictionary.cpp, line
Event: 217.317 Thread 0x000000000225f000 Exception <a 'java/lang/ClassNotFoundException': org/springframework/beans/factory/AwareCustomizer> (0x00000000ed43aa70) thrown at [C:\re\workspace\8-2-build-windows-amd64-cygwin\jdk8u121\8372\hotspot\src\share\vm\classfile\systemDictionary.cpp, line 210]
Event: 218.251 Thread 0x000000000225f000 Exception <a 'java/lang/IncompatibleClassChangeError': Found class java.lang.Object, but interface was expected> (0x00000000ee32b348) thrown at [C:\re\workspace\8-2-build-windows-amd64-cygwin\jdk8u121\8372\hotspot\src\share\vm\interpreter\linkResolver.cpp

Events (10 events):
Event: 218.439 loading class org/xnio/SslClientAuthMode
Event: 218.439 loading class org/xnio/SslClientAuthMode done
Event: 218.442 loading class org/springframework/boot/autoconfigure/web/servlet/DispatcherServletAutoConfiguration$DispatcherServletRegistrationCondition
Event: 218.442 loading class org/springframework/boot/autoconfigure/web/servlet/DispatcherServletAutoConfiguration$DispatcherServletRegistrationCondition done
Event: 218.444 loading class cn/tedu/sp02/item/controller/ItemController
Event: 218.444 loading class cn/tedu/sp02/item/controller/ItemController done
Event: 218.444 loading class cn/tedu/sp02/item/service/ItemServiceImpl
Event: 218.444 loading class cn/tedu/sp02/item/service/ItemServiceImpl done
Event: 218.445 loading class cn/tedu/sp01/service/ItemService
Event: 218.445 loading class cn/tedu/sp01/service/ItemService done


Dynamic libraries:
0x000000013f130000 - 0x000000013f167000 	C:\Program Files\Java\jre1.8.0_121\bin\javaw.exe
0x0000000077940000 - 0x0000000077aea000 	C:\Windows\SYSTEM32\ntdll.dll
0x0000000077720000 - 0x000000007783f000 	C:\Windows\system32\kernel32.dll
0x000007fefd910000 - 0x000007fefd97a000 	C:\Windows\system32\KERNELBASE.dll
0x000007feffad0000 - 0x000007feffbab000 	C:\Windows\system32\ADVAPI32.dll
0x000007feff550000 - 0x000007feff5ef000 	C:\Windows\system32\msvcrt.dll
0x000007feff660000 - 0x000007feff67f000 	C:\Windows\SYSTEM32\sechost.dll
0x000007fefeab0000 - 0x000007fefebdd000 	C:\Windows\system32\RPCRT4.dll
0x0000000077840000 - 0x000000007793a000 	C:\Windows\system32\USER32.dll
0x000007feff5f0000 - 0x000007feff657000 	C:\Windows\system32\GDI32.dll
0x000007feff790000 - 0x000007feff79e000 	C:\Windows\system32\LPK.dll
0x000007feff110000 - 0x000007feff1da000 	C:\Windows\system32\USP10.dll
0x000007fefbb20000 - 0x000007fefbd14000 	C:\Windows\WinSxS\amd64_microsoft.windows.common-controls_6595b64144ccf1df_6.0.7601.18837_none_fa3b1e3d17594757\COMCTL32.dll
0x000007fefeeb0000 - 0x000007fefef21000 	C:\Windows\system32\SHLWAPI.dll
0x000007feffa80000 - 0x000007feffaae000 	C:\Windows\system32\IMM32.DLL
0x000007feff680000 - 0x000007feff789000 	C:\Windows\system32\MSCTF.dll
0x00000000582f0000 - 0x00000000583c2000 	C:\Program Files\Java\jre1.8.0_121\bin\msvcr100.dll
0x0000000059c20000 - 0x000000005a4bb000 	C:\Program Files\Java\jre1.8.0_121\bin\server\jvm.dll
0x000007fefb3b0000 - 0x000007fefb3b9000 	C:\Windows\system32\WSOCK32.dll
0x000007feff7a0000 - 0x000007feff7ed000 	C:\Windows\system32\WS2_32.dll
0x000007feffa70000 - 0x000007feffa78000 	C:\Windows\system32\NSI.dll
0x000007fefae00000 - 0x000007fefae3b000 	C:\Windows\system32\WINMM.dll
0x000007fefc880000 - 0x000007fefc88c000 	C:\Windows\system32\VERSION.dll
0x0000000077b00000 - 0x0000000077b07000 	C:\Windows\system32\PSAPI.DLL
0x0000000071350000 - 0x000000007135f000 	C:\Program Files\Java\jre1.8.0_121\bin\verify.dll
0x0000000059b10000 - 0x0000000059b39000 	C:\Program Files\Java\jre1.8.0_121\bin\java.dll
0x0000000059ac0000 - 0x0000000059ad6000 	C:\Program Files\Java\jre1.8.0_121\bin\zip.dll
0x000007fefd9f0000 - 0x000007fefe779000 	C:\Windows\system32\SHELL32.dll
0x000007feff7f0000 - 0x000007feff9ec000 	C:\Windows\system32\ole32.dll
0x000007fefd640000 - 0x000007fefd64f000 	C:\Windows\system32\profapi.dll
0x0000000071e00000 - 0x0000000071e0d000 	C:\Program Files\Java\jre1.8.0_121\bin\management.dll
0x0000000071ec0000 - 0x0000000071eda000 	C:\Program Files\Java\jre1.8.0_121\bin\net.dll
0x000007fefcdf0000 - 0x000007fefce45000 	C:\Windows\system32\mswsock.dll
0x000007fefcde0000 - 0x000007fefcde7000 	C:\Windows\System32\wship6.dll
0x0000000071ea0000 - 0x0000000071eb1000 	C:\Program Files\Java\jre1.8.0_121\bin\nio.dll
0x000007fefb4a0000 - 0x000007fefb4b5000 	C:\Windows\system32\NLAapi.dll
0x000007fef8010000 - 0x000007fef8025000 	C:\Windows\system32\napinsp.dll
0x000007fef7ff0000 - 0x000007fef8009000 	C:\Windows\system32\pnrpnsp.dll
0x000007fefcc70000 - 0x000007fefcccb000 	C:\Windows\system32\DNSAPI.dll
0x000007fef7fe0000 - 0x000007fef7feb000 	C:\Windows\System32\winrnr.dll
0x000007fef7fd0000 - 0x000007fef7fe0000 	C:\Windows\system32\wshbth.dll
0x000007fefc560000 - 0x000007fefc567000 	C:\Windows\System32\wshtcpip.dll
0x000007fefb020000 - 0x000007fefb047000 	C:\Windows\system32\IPHLPAPI.DLL
0x000007fefb010000 - 0x000007fefb01b000 	C:\Windows\system32\WINNSI.DLL
0x000007fef1cf0000 - 0x000007fef1cf8000 	C:\Windows\system32\rasadhlp.dll
0x000007fefa080000 - 0x000007fefa0d3000 	C:\Windows\System32\fwpuclnt.dll
0x000007fefce50000 - 0x000007fefce68000 	C:\Windows\system32\CRYPTSP.dll
0x000007fefcb50000 - 0x000007fefcb97000 	C:\Windows\system32\rsaenh.dll
0x000007fefd990000 - 0x000007fefd9ae000 	C:\Windows\system32\USERENV.dll
0x000007fefd4d0000 - 0x000007fefd4df000 	C:\Windows\system32\CRYPTBASE.dll
0x000007fefa110000 - 0x000007fefa121000 	C:\Windows\system32\dhcpcsvc6.DLL
0x000007fefa060000 - 0x000007fefa078000 	C:\Windows\system32\dhcpcsvc.DLL
0x0000000059a90000 - 0x0000000059ab4000 	C:\Program Files\Java\jre1.8.0_121\bin\sunec.dll

VM Arguments:
jvm_args: -Dcom.sun.management.jmxremote -Dcom.sun.management.jmxremote.port=57032 -Dcom.sun.management.jmxremote.authenticate=false -Dcom.sun.management.jmxremote.ssl=false -Djava.rmi.server.hostname=localhost -Dspring.jmx.enabled=true -Dspring.application.admin.enabled=true -Xverify:none -XX:TieredStopAtLevel=1 -Dfile.encoding=UTF-8 
java_command: cn.tedu.sp02.Sp02ItemserviceApplication --spring.output.ansi.enabled=always --spring.profiles.active=item1
java_class_path (initial): C:\Users\JAVA\Desktop\springCloudZuul\sp02-itemservice\target\classes;C:\Users\JAVA\.m2\repository\org\springframework\boot\spring-boot-starter-web\2.2.2.RELEASE\spring-boot-starter-web-2.2.2.RELEASE.jar;C:\Users\JAVA\.m2\repository\org\springframework\boot\spring-boot-starter\2.2.2.RELEASE\spring-boot-starter-2.2.2.RELEASE.jar;C:\Users\JAVA\.m2\repository\org\springframework\boot\spring-boot\2.2.2.RELEASE\spring-boot-2.2.2.RELEASE.jar;C:\Users\JAVA\.m2\repository\org\springframework\boot\spring-boot-autoconfigure\2.2.2.RELEASE\spring-boot-autoconfigure-2.2.2.RELEASE.jar;C:\Users\JAVA\.m2\repository\org\springframework\boot\spring-boot-starter-logging\2.2.2.RELEASE\spring-boot-starter-logging-2.2.2.RELEASE.jar;C:\Users\JAVA\.m2\repository\ch\qos\logback\logback-classic\1.2.3\logback-classic-1.2.3.jar;C:\Users\JAVA\.m2\repository\ch\qos\logback\logback-core\1.2.3\logback-core-1.2.3.jar;C:\Users\JAVA\.m2\repository\org\apache\logging\log4j\log4j-to-slf4j\2.12.1\log4j-to-slf4j-2.12.1.jar;C:\Users\JAVA\.m2\repository\org\apache\logging\log4j\log4j-api\2.12.1\log4j-api-2.12.1.jar;C:\Users\JAVA\.m2\repository\org\slf4j\jul-to-slf4j\1.7.29\jul-to-slf4j-1.7.29.jar;C:\Users\JAVA\.m2\repository\jakarta\annotation\jakarta.annotation-api\1.3.5\jakarta.annotation-api-1.3.5.jar;C:\Users\JAVA\.m2\repository\org\yaml\snakeyaml\1.25\snakeyaml-1.25.jar;C:\Users\JAVA\.m2\repository\org\springframework\boot\spring-boot-starter-json\2.2.2.RELEASE\spring-boot-starter-json-2.2.2.RELEASE.jar;C:\Users\JAVA\.m2\repository\com\fasterxml\jackson\core\jackson-databind\2.10.1\jackson-databind-2.10.1.jar;C:\Users\JAVA\.m2\repository\org\springframework\boot\spring-boot-starter-tomcat\2.2.2.RELEASE\spring-boot-starter-tomcat-2.2.2.RELEASE.jar;C:\Users\JAVA\.m2\repository\org\apache\tomcat\embed\tomcat-embed-core\9.0.29\tomcat-embed-core-9.0.29.jar;C:\Users\JAVA\.m2\repository\org\apache\tomcat\embed\tomcat-embed-el\9.0.29\tomcat-embed-el-9.0.29.jar;C:\Users\JAVA\.m2\re
Launcher Type: SUN_STANDARD

Environment Variables:
JAVA_HOME=C:\Program Files\Java\jdk1.8.0_121
CLASSPATH=.
PATH=C:/Program Files/Java/jre1.8.0_121/bin/server;C:/Program Files/Java/jre1.8.0_121/bin;C:/Program Files/Java/jre1.8.0_121/lib/amd64;C:\ProgramData\Oracle\Java\javapath;C:\Windows\system32;C:\Windows;C:\Windows\System32\Wbem;C:\Windows\System32\WindowsPowerShell\v1.0\;C:\Program Files\Java\jdk1.8.0_121\bin;D:\Program Files\MySQL\MySQL Server 5.5\bin;D:\Program Files\Calibre2\;C:\Program Files\Git\cmd;C:\Program Files\nodejs\;D:\Program Files\Bandizip\;C:\Users\JAVA\AppData\Local\Programs\Microsoft VS Code\bin;C:\Users\JAVA\AppData\Roaming\npm;C:\Users\JAVA\Desktop\sts-4.4.0.RELEASE;
USERNAME=JAVA
OS=Windows_NT
PROCESSOR_IDENTIFIER=Intel64 Family 6 Model 60 Stepping 3, GenuineIntel



---------------  S Y S T E M  ---------------

OS: Windows 7 , 64 bit Build 7601 (6.1.7601.23864)

CPU:total 4 (2 cores per cpu, 2 threads per core) family 6 model 60 stepping 3, cmov, cx8, fxsr, mmx, sse, sse2, sse3, ssse3, sse4.1, sse4.2, popcnt, avx, avx2, aes, clmul, erms, lzcnt, ht, tsc, tscinvbit, bmi1, bmi2

Memory: 4k page, physical 4073036k(101744k free), swap 16290284k(2092k free)

vm_info: Java HotSpot(TM) 64-Bit Server VM (25.121-b13) for windows-amd64 JRE (1.8.0_121-b13), built on Dec 12 2016 18:21:36 by "java_re" with MS VC++ 10.0 (VS2010)

time: Fri Dec 27 13:16:50 2019
elapsed time: 227 seconds (0d 0h 3m 47s)

