#
# There is insufficient memory for the Java Runtime Environment to continue.
# Native memory allocation (malloc) failed to allocate 32744 bytes for ChunkPool::allocate
# Possible reasons:
#   The system is out of physical RAM or swap space
#   In 32 bit mode, the process size limit was hit
# Possible solutions:
#   Reduce memory load on the system
#   Increase physical memory or swap space
#   Check if swap backing store is full
#   Use 64 bit Java on a 64 bit OS
#   Decrease Java heap size (-Xmx/-Xms)
#   Decrease number of Java threads
#   Decrease Java thread stack sizes (-Xss)
#   Set larger code cache with -XX:ReservedCodeCacheSize=
# This output file may be truncated or incomplete.
#
#  Out of Memory Error (allocation.cpp:273), pid=14608, tid=0x00000000000034d4
#
# JRE version: Java(TM) SE Runtime Environment (8.0_121-b13) (build 1.8.0_121-b13)
# Java VM: Java HotSpot(TM) 64-Bit Server VM (25.121-b13 mixed mode windows-amd64 compressed oops)
# Failed to write core dump. Minidumps are not enabled by default on client versions of Windows
#

---------------  T H R E A D  ---------------

Current thread (0x0000000055fb4000):  JavaThread "C1 CompilerThread2" daemon [_thread_in_native, id=13524, stack(0x0000000056830000,0x0000000056930000)]

Stack: [0x0000000056830000,0x0000000056930000]
[error occurred during error reporting (printing stack bounds), id 0xc0000005]

Native frames: (J=compiled Java code, j=interpreted, Vv=VM code, C=native code)


Current CompileTask:
C1: 110402 1184   !   1       java.io.ObjectInputStream$BlockDataInputStream::readBlockHeader (249 bytes)


---------------  P R O C E S S  ---------------

Java Threads: ( => current thread )
  0x0000000058917000 JavaThread "background-preinit" [_thread_in_native, id=14496, stack(0x0000000059950000,0x0000000059a50000)]
  0x0000000056011800 JavaThread "RMI TCP Connection(3)-127.0.0.1" daemon [_thread_in_native, id=5828, stack(0x0000000058810000,0x0000000058910000)]
  0x00000000572aa000 JavaThread "RMI TCP Accept-0" daemon [_thread_in_native, id=9196, stack(0x00000000581a0000,0x00000000582a0000)]
  0x0000000057294800 JavaThread "JMX server connection timeout 16" daemon [_thread_blocked, id=12460, stack(0x0000000058030000,0x0000000058130000)]
  0x0000000057286800 JavaThread "RMI Scheduler(0)" daemon [_thread_blocked, id=3352, stack(0x0000000057e20000,0x0000000057f20000)]
  0x000000005727f800 JavaThread "RMI TCP Connection(idle)" daemon [_thread_blocked, id=3272, stack(0x0000000057d20000,0x0000000057e20000)]
  0x0000000057278800 JavaThread "RMI TCP Connection(idle)" daemon [_thread_blocked, id=11728, stack(0x0000000057bf0000,0x0000000057cf0000)]
  0x0000000057278000 JavaThread "RMI TCP Accept-57097" daemon [_thread_in_native, id=12860, stack(0x0000000057a50000,0x0000000057b50000)]
  0x0000000057228800 JavaThread "RMI TCP Accept-0" daemon [_thread_in_native, id=7760, stack(0x00000000573c0000,0x00000000574c0000)]
  0x0000000056027800 JavaThread "Service Thread" daemon [_thread_blocked, id=3408, stack(0x0000000056970000,0x0000000056a70000)]
=>0x0000000055fb4000 JavaThread "C1 CompilerThread2" daemon [_thread_in_native, id=13524, stack(0x0000000056830000,0x0000000056930000)]
  0x0000000055fb0800 JavaThread "C2 CompilerThread1" daemon [_thread_blocked, id=14356, stack(0x0000000056530000,0x0000000056630000)]
  0x0000000055f9d800 JavaThread "C2 CompilerThread0" daemon [_thread_blocked, id=10788, stack(0x0000000056630000,0x0000000056730000)]
  0x0000000055f9c000 JavaThread "Attach Listener" daemon [_thread_blocked, id=4956, stack(0x0000000055bd0000,0x0000000055cd0000)]
  0x0000000054a95000 JavaThread "Signal Dispatcher" daemon [_thread_blocked, id=12600, stack(0x0000000056430000,0x0000000056530000)]
  0x0000000054a82800 JavaThread "Finalizer" daemon [_thread_blocked, id=820, stack(0x0000000055e80000,0x0000000055f80000)]
  0x0000000054a3b800 JavaThread "Reference Handler" daemon [_thread_blocked, id=7028, stack(0x0000000055cf0000,0x0000000055df0000)]
  0x00000000020e0000 JavaThread "main" [_thread_in_native, id=1196, stack(0x00000000021f0000,0x00000000022f0000)]

Other Threads:
  0x0000000054a33800 VMThread [stack: 0x0000000055ad0000,0x0000000055bd0000] [id=6696]
  0x00000000572ac000 WatcherThread [stack: 0x0000000058410000,0x0000000058510000] [id=10924]

VM state:not at safepoint (normal execution)

VM Mutex/Monitor currently owned by a thread: None

Heap:
 PSYoungGen      total 18944K, used 12983K [0x00000000eb400000, 0x00000000ec900000, 0x0000000100000000)
  eden space 16384K, 63% used [0x00000000eb400000,0x00000000ebe31d70,0x00000000ec400000)
  from space 2560K, 99% used [0x00000000ec680000,0x00000000ec8fbed0,0x00000000ec900000)
  to   space 2560K, 0% used [0x00000000ec400000,0x00000000ec400000,0x00000000ec680000)
 ParOldGen       total 44032K, used 6108K [0x00000000c1c00000, 0x00000000c4700000, 0x00000000eb400000)
  object space 44032K, 13% used [0x00000000c1c00000,0x00000000c21f7040,0x00000000c4700000)
 Metaspace       used 15089K, capacity 15500K, committed 15616K, reserved 1062912K
  class space    used 1896K, capacity 2014K, committed 2048K, reserved 1048576K

Card table byte_map: [0x00000000116b0000,0x00000000118b0000] byte_map_base: 0x00000000110a2000

Marking Bits: (ParMarkBitMap*) 0x000000005a43b6d0
 Begin Bits: [0x0000000011f80000, 0x0000000012f10000)
 End Bits:   [0x0000000012f10000, 0x0000000013ea0000)

Polling page: 0x0000000000220000

CodeCache: size=245760Kb used=2869Kb max_used=2869Kb free=242890Kb
 bounds [0x00000000022f0000, 0x00000000025c0000, 0x00000000112f0000]
 total_blobs=1558 nmethods=1175 adapters=296
 compilation: enabled

Compilation events (10 events):
Event: 106.007 Thread 0x0000000055fb4000 nmethod 1178 0x00000000025bc850 code [0x00000000025bc9c0, 0x00000000025bcb88]
Event: 108.009 Thread 0x0000000055fb4000 1180       1       java.util.logging.LogManager::getProperty (9 bytes)
Event: 108.009 Thread 0x0000000055fb4000 nmethod 1180 0x00000000025bcc50 code [0x00000000025bcda0, 0x00000000025bcee8]
Event: 108.032 Thread 0x0000000055fb4000 1181       1       java.lang.invoke.MethodHandles$Lookup::lookupClassOrNull (17 bytes)
Event: 108.032 Thread 0x0000000055fb4000 nmethod 1181 0x00000000025bcf50 code [0x00000000025bd0a0, 0x00000000025bd1d0]
Event: 108.032 Thread 0x0000000055fb4000 1182       1       jdk.internal.org.objectweb.asm.MethodVisitor::<init> (35 bytes)
Event: 108.032 Thread 0x0000000055fb4000 nmethod 1182 0x00000000025bd210 code [0x00000000025bd380, 0x00000000025bd568]
Event: 108.583 Thread 0x0000000055fb4000 1183   !   1       java.io.ObjectInputStream$BlockDataInputStream::refill (136 bytes)
Event: 108.584 Thread 0x0000000055fb4000 nmethod 1183 0x00000000025bd610 code [0x00000000025bd7a0, 0x00000000025bda68]
Event: 108.584 Thread 0x0000000055fb4000 1184   !   1       java.io.ObjectInputStream$BlockDataInputStream::readBlockHeader (249 bytes)

GC Heap History (8 events):
Event: 68.794 GC heap before
{Heap before GC invocations=1 (full 0):
 PSYoungGen      total 18944K, used 16384K [0x00000000eb400000, 0x00000000ec900000, 0x0000000100000000)
  eden space 16384K, 100% used [0x00000000eb400000,0x00000000ec400000,0x00000000ec400000)
  from space 2560K, 0% used [0x00000000ec680000,0x00000000ec680000,0x00000000ec900000)
  to   space 2560K, 0% used [0x00000000ec400000,0x00000000ec400000,0x00000000ec680000)
 ParOldGen       total 44032K, used 0K [0x00000000c1c00000, 0x00000000c4700000, 0x00000000eb400000)
  object space 44032K, 0% used [0x00000000c1c00000,0x00000000c1c00000,0x00000000c4700000)
 Metaspace       used 9280K, capacity 9540K, committed 9728K, reserved 1058816K
  class space    used 1164K, capacity 1248K, committed 1280K, reserved 1048576K
Event: 68.834 GC heap after
Heap after GC invocations=1 (full 0):
 PSYoungGen      total 18944K, used 2540K [0x00000000eb400000, 0x00000000ec900000, 0x0000000100000000)
  eden space 16384K, 0% used [0x00000000eb400000,0x00000000eb400000,0x00000000ec400000)
  from space 2560K, 99% used [0x00000000ec400000,0x00000000ec67b3d8,0x00000000ec680000)
  to   space 2560K, 0% used [0x00000000ec680000,0x00000000ec680000,0x00000000ec900000)
 ParOldGen       total 44032K, used 1008K [0x00000000c1c00000, 0x00000000c4700000, 0x00000000eb400000)
  object space 44032K, 2% used [0x00000000c1c00000,0x00000000c1cfc1c0,0x00000000c4700000)
 Metaspace       used 9280K, capacity 9540K, committed 9728K, reserved 1058816K
  class space    used 1164K, capacity 1248K, committed 1280K, reserved 1048576K
}
Event: 81.783 GC heap before
{Heap before GC invocations=2 (full 0):
 PSYoungGen      total 18944K, used 18924K [0x00000000eb400000, 0x00000000ec900000, 0x0000000100000000)
  eden space 16384K, 100% used [0x00000000eb400000,0x00000000ec400000,0x00000000ec400000)
  from space 2560K, 99% used [0x00000000ec400000,0x00000000ec67b3d8,0x00000000ec680000)
  to   space 2560K, 0% used [0x00000000ec680000,0x00000000ec680000,0x00000000ec900000)
 ParOldGen       total 44032K, used 1008K [0x00000000c1c00000, 0x00000000c4700000, 0x00000000eb400000)
  object space 44032K, 2% used [0x00000000c1c00000,0x00000000c1cfc1c0,0x00000000c4700000)
 Metaspace       used 11266K, capacity 11578K, committed 11904K, reserved 1058816K
  class space    used 1435K, capacity 1539K, committed 1664K, reserved 1048576K
Event: 81.798 GC heap after
Heap after GC invocations=2 (full 0):
 PSYoungGen      total 18944K, used 2543K [0x00000000eb400000, 0x00000000ec900000, 0x0000000100000000)
  eden space 16384K, 0% used [0x00000000eb400000,0x00000000eb400000,0x00000000ec400000)
  from space 2560K, 99% used [0x00000000ec680000,0x00000000ec8fbef0,0x00000000ec900000)
  to   space 2560K, 0% used [0x00000000ec400000,0x00000000ec400000,0x00000000ec680000)
 ParOldGen       total 44032K, used 3224K [0x00000000c1c00000, 0x00000000c4700000, 0x00000000eb400000)
  object space 44032K, 7% used [0x00000000c1c00000,0x00000000c1f26358,0x00000000c4700000)
 Metaspace       used 11266K, capacity 11578K, committed 11904K, reserved 1058816K
  class space    used 1435K, capacity 1539K, committed 1664K, reserved 1048576K
}
Event: 95.514 GC heap before
{Heap before GC invocations=3 (full 0):
 PSYoungGen      total 18944K, used 18927K [0x00000000eb400000, 0x00000000ec900000, 0x0000000100000000)
  eden space 16384K, 100% used [0x00000000eb400000,0x00000000ec400000,0x00000000ec400000)
  from space 2560K, 99% used [0x00000000ec680000,0x00000000ec8fbef0,0x00000000ec900000)
  to   space 2560K, 0% used [0x00000000ec400000,0x00000000ec400000,0x00000000ec680000)
 ParOldGen       total 44032K, used 3224K [0x00000000c1c00000, 0x00000000c4700000, 0x00000000eb400000)
  object space 44032K, 7% used [0x00000000c1c00000,0x00000000c1f26358,0x00000000c4700000)
 Metaspace       used 13383K, capacity 13770K, committed 13824K, reserved 1060864K
  class space    used 1670K, capacity 1777K, committed 1792K, reserved 1048576K
Event: 95.529 GC heap after
Heap after GC invocations=3 (full 0):
 PSYoungGen      total 18944K, used 2559K [0x00000000eb400000, 0x00000000ec900000, 0x0000000100000000)
  eden space 16384K, 0% used [0x00000000eb400000,0x00000000eb400000,0x00000000ec400000)
  from space 2560K, 99% used [0x00000000ec400000,0x00000000ec67fee0,0x00000000ec680000)
  to   space 2560K, 0% used [0x00000000ec680000,0x00000000ec680000,0x00000000ec900000)
 ParOldGen       total 44032K, used 4732K [0x00000000c1c00000, 0x00000000c4700000, 0x00000000eb400000)
  object space 44032K, 10% used [0x00000000c1c00000,0x00000000c209f3b0,0x00000000c4700000)
 Metaspace       used 13383K, capacity 13770K, committed 13824K, reserved 1060864K
  class space    used 1670K, capacity 1777K, committed 1792K, reserved 1048576K
}
Event: 100.633 GC heap before
{Heap before GC invocations=4 (full 0):
 PSYoungGen      total 18944K, used 18943K [0x00000000eb400000, 0x00000000ec900000, 0x0000000100000000)
  eden space 16384K, 100% used [0x00000000eb400000,0x00000000ec400000,0x00000000ec400000)
  from space 2560K, 99% used [0x00000000ec400000,0x00000000ec67fee0,0x00000000ec680000)
  to   space 2560K, 0% used [0x00000000ec680000,0x00000000ec680000,0x00000000ec900000)
 ParOldGen       total 44032K, used 4732K [0x00000000c1c00000, 0x00000000c4700000, 0x00000000eb400000)
  object space 44032K, 10% used [0x00000000c1c00000,0x00000000c209f3b0,0x00000000c4700000)
 Metaspace       used 14400K, capacity 14836K, committed 15104K, reserved 1062912K
  class space    used 1796K, capacity 1942K, committed 2048K, reserved 1048576K
Event: 100.653 GC heap after
Heap after GC invocations=4 (full 0):
 PSYoungGen      total 18944K, used 2543K [0x00000000eb400000, 0x00000000ec900000, 0x0000000100000000)
  eden space 16384K, 0% used [0x00000000eb400000,0x00000000eb400000,0x00000000ec400000)
  from space 2560K, 99% used [0x00000000ec680000,0x00000000ec8fbed0,0x00000000ec900000)
  to   space 2560K, 0% used [0x00000000ec400000,0x00000000ec400000,0x00000000ec680000)
 ParOldGen       total 44032K, used 6108K [0x00000000c1c00000, 0x00000000c4700000, 0x00000000eb400000)
  object space 44032K, 13% used [0x00000000c1c00000,0x00000000c21f7040,0x00000000c4700000)
 Metaspace       used 14400K, capacity 14836K, committed 15104K, reserved 1062912K
  class space    used 1796K, capacity 1942K, committed 2048K, reserved 1048576K
}

Deoptimization events (0 events):
No events

Internal exceptions (10 events):
Event: 101.516 Thread 0x0000000058917000 Exception <a 'java/lang/ArrayIndexOutOfBoundsException'> (0x00000000eb672490) thrown at [C:\re\workspace\8-2-build-windows-amd64-cygwin\jdk8u121\8372\hotspot\src\share\vm\runtime\sharedRuntime.cpp, line 605]
Event: 101.516 Thread 0x0000000058917000 Exception <a 'java/lang/ArrayIndexOutOfBoundsException'> (0x00000000eb673170) thrown at [C:\re\workspace\8-2-build-windows-amd64-cygwin\jdk8u121\8372\hotspot\src\share\vm\runtime\sharedRuntime.cpp, line 605]
Event: 101.517 Thread 0x0000000058917000 Exception <a 'java/lang/ArrayIndexOutOfBoundsException'> (0x00000000eb67cbd8) thrown at [C:\re\workspace\8-2-build-windows-amd64-cygwin\jdk8u121\8372\hotspot\src\share\vm\runtime\sharedRuntime.cpp, line 605]
Event: 101.518 Thread 0x0000000058917000 Exception <a 'java/lang/ArrayIndexOutOfBoundsException'> (0x00000000eb67d8b8) thrown at [C:\re\workspace\8-2-build-windows-amd64-cygwin\jdk8u121\8372\hotspot\src\share\vm\runtime\sharedRuntime.cpp, line 605]
Event: 101.519 Thread 0x0000000058917000 Exception <a 'java/lang/ArrayIndexOutOfBoundsException'> (0x00000000eb6876b8) thrown at [C:\re\workspace\8-2-build-windows-amd64-cygwin\jdk8u121\8372\hotspot\src\share\vm\runtime\sharedRuntime.cpp, line 605]
Event: 103.516 Thread 0x0000000058917000 Exception <a 'java/lang/ArrayIndexOutOfBoundsException'> (0x00000000eb699618) thrown at [C:\re\workspace\8-2-build-windows-amd64-cygwin\jdk8u121\8372\hotspot\src\share\vm\runtime\sharedRuntime.cpp, line 605]
Event: 103.517 Thread 0x0000000058917000 Exception <a 'java/lang/ArrayIndexOutOfBoundsException'> (0x00000000eb6b1e18) thrown at [C:\re\workspace\8-2-build-windows-amd64-cygwin\jdk8u121\8372\hotspot\src\share\vm\runtime\sharedRuntime.cpp, line 605]
Event: 108.032 Thread 0x00000000020e0000 Exception <a 'java/lang/ArrayIndexOutOfBoundsException'> (0x00000000ebcd63b8) thrown at [C:\re\workspace\8-2-build-windows-amd64-cygwin\jdk8u121\8372\hotspot\src\share\vm\runtime\sharedRuntime.cpp, line 605]
Event: 108.073 Thread 0x00000000020e0000 Exception <a 'java/lang/ArrayIndexOutOfBoundsException'> (0x00000000ebd00988) thrown at [C:\re\workspace\8-2-build-windows-amd64-cygwin\jdk8u121\8372\hotspot\src\share\vm\runtime\sharedRuntime.cpp, line 605]
Event: 108.517 Thread 0x00000000020e0000 Exception <a 'java/lang/ArrayIndexOutOfBoundsException'> (0x00000000ebda3bd8) thrown at [C:\re\workspace\8-2-build-windows-amd64-cygwin\jdk8u121\8372\hotspot\src\share\vm\runtime\sharedRuntime.cpp, line 605]

Events (10 events):
Event: 108.098 loading class org/hibernate/validator/internal/metadata/core/ConstraintHelper$ValidatorDescriptorMap done
Event: 108.099 loading class javax/validation/constraints/AssertFalse
Event: 108.501 loading class javax/validation/constraints/AssertFalse done
Event: 108.501 loading class javax/sql/CommonDataSource
Event: 108.517 loading class javax/sql/CommonDataSource done
Event: 108.517 loading class java/sql/Wrapper
Event: 108.517 loading class java/sql/Wrapper done
Event: 108.517 loading class javax/sql/DataSource done
Event: 108.518 loading class org/springframework/cloud/service/relational/TomcatJdbcPooledDataSourceCreator
Event: 108.518 loading class org/springframework/cloud/service/relational/TomcatJdbcPooledDataSourceCreator done


Dynamic libraries:
0x000000013f130000 - 0x000000013f167000 	C:\Program Files\Java\jre1.8.0_121\bin\javaw.exe
0x0000000077940000 - 0x0000000077aea000 	C:\Windows\SYSTEM32\ntdll.dll
0x0000000077720000 - 0x000000007783f000 	C:\Windows\system32\kernel32.dll
0x000007fefd910000 - 0x000007fefd97a000 	C:\Windows\system32\KERNELBASE.dll
0x000007feffad0000 - 0x000007feffbab000 	C:\Windows\system32\ADVAPI32.dll
0x000007feff550000 - 0x000007feff5ef000 	C:\Windows\system32\msvcrt.dll
0x000007feff660000 - 0x000007feff67f000 	C:\Windows\SYSTEM32\sechost.dll
0x000007fefeab0000 - 0x000007fefebdd000 	C:\Windows\system32\RPCRT4.dll
0x0000000077840000 - 0x000000007793a000 	C:\Windows\system32\USER32.dll
0x000007feff5f0000 - 0x000007feff657000 	C:\Windows\system32\GDI32.dll
0x000007feff790000 - 0x000007feff79e000 	C:\Windows\system32\LPK.dll
0x000007feff110000 - 0x000007feff1da000 	C:\Windows\system32\USP10.dll
0x000007fefbb20000 - 0x000007fefbd14000 	C:\Windows\WinSxS\amd64_microsoft.windows.common-controls_6595b64144ccf1df_6.0.7601.18837_none_fa3b1e3d17594757\COMCTL32.dll
0x000007fefeeb0000 - 0x000007fefef21000 	C:\Windows\system32\SHLWAPI.dll
0x000007feffa80000 - 0x000007feffaae000 	C:\Windows\system32\IMM32.DLL
0x000007feff680000 - 0x000007feff789000 	C:\Windows\system32\MSCTF.dll
0x00000000582f0000 - 0x00000000583c2000 	C:\Program Files\Java\jre1.8.0_121\bin\msvcr100.dll
0x0000000059c20000 - 0x000000005a4bb000 	C:\Program Files\Java\jre1.8.0_121\bin\server\jvm.dll
0x000007fefb3b0000 - 0x000007fefb3b9000 	C:\Windows\system32\WSOCK32.dll
0x000007feff7a0000 - 0x000007feff7ed000 	C:\Windows\system32\WS2_32.dll
0x000007feffa70000 - 0x000007feffa78000 	C:\Windows\system32\NSI.dll
0x000007fefae00000 - 0x000007fefae3b000 	C:\Windows\system32\WINMM.dll
0x000007fefc880000 - 0x000007fefc88c000 	C:\Windows\system32\VERSION.dll
0x0000000077b00000 - 0x0000000077b07000 	C:\Windows\system32\PSAPI.DLL
0x0000000071350000 - 0x000000007135f000 	C:\Program Files\Java\jre1.8.0_121\bin\verify.dll
0x0000000059b10000 - 0x0000000059b39000 	C:\Program Files\Java\jre1.8.0_121\bin\java.dll
0x0000000059ac0000 - 0x0000000059ad6000 	C:\Program Files\Java\jre1.8.0_121\bin\zip.dll
0x000007fefd9f0000 - 0x000007fefe779000 	C:\Windows\system32\SHELL32.dll
0x000007feff7f0000 - 0x000007feff9ec000 	C:\Windows\system32\ole32.dll
0x000007fefd640000 - 0x000007fefd64f000 	C:\Windows\system32\profapi.dll
0x0000000071e00000 - 0x0000000071e0d000 	C:\Program Files\Java\jre1.8.0_121\bin\management.dll
0x0000000071ec0000 - 0x0000000071eda000 	C:\Program Files\Java\jre1.8.0_121\bin\net.dll
0x000007fefcdf0000 - 0x000007fefce45000 	C:\Windows\system32\mswsock.dll
0x000007fefcde0000 - 0x000007fefcde7000 	C:\Windows\System32\wship6.dll
0x0000000071ea0000 - 0x0000000071eb1000 	C:\Program Files\Java\jre1.8.0_121\bin\nio.dll
0x000007fefb4a0000 - 0x000007fefb4b5000 	C:\Windows\system32\NLAapi.dll
0x000007fef8010000 - 0x000007fef8025000 	C:\Windows\system32\napinsp.dll
0x000007fef7ff0000 - 0x000007fef8009000 	C:\Windows\system32\pnrpnsp.dll
0x000007fefcc70000 - 0x000007fefcccb000 	C:\Windows\system32\DNSAPI.dll
0x000007fef7fe0000 - 0x000007fef7feb000 	C:\Windows\System32\winrnr.dll
0x000007fef7fd0000 - 0x000007fef7fe0000 	C:\Windows\system32\wshbth.dll
0x000007fefc560000 - 0x000007fefc567000 	C:\Windows\System32\wshtcpip.dll
0x000007fefb020000 - 0x000007fefb047000 	C:\Windows\system32\IPHLPAPI.DLL
0x000007fefb010000 - 0x000007fefb01b000 	C:\Windows\system32\WINNSI.DLL
0x000007fef1cf0000 - 0x000007fef1cf8000 	C:\Windows\system32\rasadhlp.dll
0x000007fefa080000 - 0x000007fefa0d3000 	C:\Windows\System32\fwpuclnt.dll
0x000007fefce50000 - 0x000007fefce68000 	C:\Windows\system32\CRYPTSP.dll
0x000007fefcb50000 - 0x000007fefcb97000 	C:\Windows\system32\rsaenh.dll
0x000007fefd990000 - 0x000007fefd9ae000 	C:\Windows\system32\USERENV.dll
0x000007fefd4d0000 - 0x000007fefd4df000 	C:\Windows\system32\CRYPTBASE.dll
0x000007fefa110000 - 0x000007fefa121000 	C:\Windows\system32\dhcpcsvc6.DLL
0x000007fefa060000 - 0x000007fefa078000 	C:\Windows\system32\dhcpcsvc.DLL

VM Arguments:
jvm_args: -Dcom.sun.management.jmxremote -Dcom.sun.management.jmxremote.port=57097 -Dcom.sun.management.jmxremote.authenticate=false -Dcom.sun.management.jmxremote.ssl=false -Djava.rmi.server.hostname=localhost -Dspring.jmx.enabled=true -Dspring.application.admin.enabled=true -Xverify:none -XX:TieredStopAtLevel=1 -Dfile.encoding=UTF-8 
java_command: cn.tedu.sp04.Sp04OrderserviceApplication --spring.output.ansi.enabled=always --spring.profiles.active=order2
java_class_path (initial): C:\Users\JAVA\Desktop\springCloudZuul\sp04-orderservice\target\classes;C:\Users\JAVA\.m2\repository\org\springframework\boot\spring-boot-starter-web\2.2.2.RELEASE\spring-boot-starter-web-2.2.2.RELEASE.jar;C:\Users\JAVA\.m2\repository\org\springframework\boot\spring-boot-starter\2.2.2.RELEASE\spring-boot-starter-2.2.2.RELEASE.jar;C:\Users\JAVA\.m2\repository\org\springframework\boot\spring-boot\2.2.2.RELEASE\spring-boot-2.2.2.RELEASE.jar;C:\Users\JAVA\.m2\repository\org\springframework\boot\spring-boot-autoconfigure\2.2.2.RELEASE\spring-boot-autoconfigure-2.2.2.RELEASE.jar;C:\Users\JAVA\.m2\repository\org\springframework\boot\spring-boot-starter-logging\2.2.2.RELEASE\spring-boot-starter-logging-2.2.2.RELEASE.jar;C:\Users\JAVA\.m2\repository\ch\qos\logback\logback-classic\1.2.3\logback-classic-1.2.3.jar;C:\Users\JAVA\.m2\repository\ch\qos\logback\logback-core\1.2.3\logback-core-1.2.3.jar;C:\Users\JAVA\.m2\repository\org\apache\logging\log4j\log4j-to-slf4j\2.12.1\log4j-to-slf4j-2.12.1.jar;C:\Users\JAVA\.m2\repository\org\apache\logging\log4j\log4j-api\2.12.1\log4j-api-2.12.1.jar;C:\Users\JAVA\.m2\repository\org\slf4j\jul-to-slf4j\1.7.29\jul-to-slf4j-1.7.29.jar;C:\Users\JAVA\.m2\repository\jakarta\annotation\jakarta.annotation-api\1.3.5\jakarta.annotation-api-1.3.5.jar;C:\Users\JAVA\.m2\repository\org\yaml\snakeyaml\1.25\snakeyaml-1.25.jar;C:\Users\JAVA\.m2\repository\org\springframework\boot\spring-boot-starter-json\2.2.2.RELEASE\spring-boot-starter-json-2.2.2.RELEASE.jar;C:\Users\JAVA\.m2\repository\com\fasterxml\jackson\core\jackson-databind\2.10.1\jackson-databind-2.10.1.jar;C:\Users\JAVA\.m2\repository\org\springframework\boot\spring-boot-starter-tomcat\2.2.2.RELEASE\spring-boot-starter-tomcat-2.2.2.RELEASE.jar;C:\Users\JAVA\.m2\repository\org\apache\tomcat\embed\tomcat-embed-core\9.0.29\tomcat-embed-core-9.0.29.jar;C:\Users\JAVA\.m2\repository\org\apache\tomcat\embed\tomcat-embed-el\9.0.29\tomcat-embed-el-9.0.29.jar;C:\Users\JAVA\.m2\r
Launcher Type: SUN_STANDARD

Environment Variables:
JAVA_HOME=C:\Program Files\Java\jdk1.8.0_121
CLASSPATH=.
PATH=C:/Program Files/Java/jre1.8.0_121/bin/server;C:/Program Files/Java/jre1.8.0_121/bin;C:/Program Files/Java/jre1.8.0_121/lib/amd64;C:\ProgramData\Oracle\Java\javapath;C:\Windows\system32;C:\Windows;C:\Windows\System32\Wbem;C:\Windows\System32\WindowsPowerShell\v1.0\;C:\Program Files\Java\jdk1.8.0_121\bin;D:\Program Files\MySQL\MySQL Server 5.5\bin;D:\Program Files\Calibre2\;C:\Program Files\Git\cmd;C:\Program Files\nodejs\;D:\Program Files\Bandizip\;C:\Users\JAVA\AppData\Local\Programs\Microsoft VS Code\bin;C:\Users\JAVA\AppData\Roaming\npm;C:\Users\JAVA\Desktop\sts-4.4.0.RELEASE;
USERNAME=JAVA
OS=Windows_NT
PROCESSOR_IDENTIFIER=Intel64 Family 6 Model 60 Stepping 3, GenuineIntel



---------------  S Y S T E M  ---------------

OS: Windows 7 , 64 bit Build 7601 (6.1.7601.23864)

CPU:total 4 (2 cores per cpu, 2 threads per core) family 6 model 60 stepping 3, cmov, cx8, fxsr, mmx, sse, sse2, sse3, ssse3, sse4.1, sse4.2, popcnt, avx, avx2, aes, clmul, erms, lzcnt, ht, tsc, tscinvbit, bmi1, bmi2

Memory: 4k page, physical 4073036k(101744k free), swap 16290284k(2092k free)

vm_info: Java HotSpot(TM) 64-Bit Server VM (25.121-b13) for windows-amd64 JRE (1.8.0_121-b13), built on Dec 12 2016 18:21:36 by "java_re" with MS VC++ 10.0 (VS2010)

time: Fri Dec 27 13:16:50 2019
elapsed time: 110 seconds (0d 0h 1m 50s)

